app/build/outputs/logs/manifest-merger-debug-report.txt
-- Merging decision tree log ---
manifest
ADDED from src/main/AndroidManifest.xml:2:1-158:12
	package
		ADDED from src/main/AndroidManifest.xml:3:7-43
		INJECTED from src/main/AndroidManifest.xml
		INJECTED from src/main/AndroidManifest.xml
	android:versionName
		ADDED from src/main/AndroidManifest.xml:5:7-32
		INJECTED from src/main/AndroidManifest.xml
		INJECTED from src/main/AndroidManifest.xml
	android:versionCode
		ADDED from src/main/AndroidManifest.xml:4:7-30
		INJECTED from src/main/AndroidManifest.xml
		INJECTED from src/main/AndroidManifest.xml
	xmlns:android
		ADDED from src/main/AndroidManifest.xml:2:11-69
	android:configChanges
		ADDED from src/main/AndroidManifest.xml:6:7-68
uses-sdk
ADDED from src/main/AndroidManifest.xml:7:5-9:41
	android:targetSdkVersion
		ADDED from src/main/AndroidManifest.xml:9:9-38
		INJECTED from src/main/AndroidManifest.xml
		INJECTED from src/main/AndroidManifest.xml
	android:minSdkVersion
		ADDED from src/main/AndroidManifest.xml:8:9-34
		INJECTED from src/main/AndroidManifest.xml
		INJECTED from src/main/AndroidManifest.xml
uses-permission#android.permission.RECORD_AUDIO
ADDED from src/main/AndroidManifest.xml:11:5-71
	android:name
		ADDED from src/main/AndroidManifest.xml:11:22-68
uses-permission#android.permission.WRITE_EXTERNAL_STORAGE
ADDED from src/main/AndroidManifest.xml:12:5-81
	android:name
		ADDED from src/main/AndroidManifest.xml:12:22-78
uses-permission#android.hardware.screen.portrait
ADDED from src/main/AndroidManifest.xml:13:5-71
	android:name
		ADDED from src/main/AndroidManifest.xml:13:22-69
application
ADDED from src/main/AndroidManifest.xml:15:5-152:19
	android:label
		ADDED from src/main/AndroidManifest.xml:19:9-41
	android:icon
		ADDED from src/main/AndroidManifest.xml:18:9-42
	android:theme
		ADDED from src/main/AndroidManifest.xml:17:9-40
activity#tw.edu.ntnu.nhipicturebook.HomeActivity
ADDED from src/main/AndroidManifest.xml:20:6-30:18
	android:screenOrientation
		ADDED from src/main/AndroidManifest.xml:23:10-46
	android:label
		ADDED from src/main/AndroidManifest.xml:22:10-42
	android:configChanges
		ADDED from src/main/AndroidManifest.xml:24:10-71
	android:name
		ADDED from src/main/AndroidManifest.xml:21:10-64
intent-filter#android.intent.action.MAIN+android.intent.category.LAUNCHER
ADDED from src/main/AndroidManifest.xml:26:10-29:26
action#android.intent.action.MAIN
ADDED from src/main/AndroidManifest.xml:27:14-66
	android:name
		ADDED from src/main/AndroidManifest.xml:27:22-63
category#android.intent.category.LAUNCHER
ADDED from src/main/AndroidManifest.xml:28:14-74
	android:name
		ADDED from src/main/AndroidManifest.xml:28:24-71
activity#tw.edu.ntnu.nhipicturebook.F1Activity
ADDED from src/main/AndroidManifest.xml:34:7-39:15
	android:screenOrientation
		ADDED from src/main/AndroidManifest.xml:37:13-49
	android:label
		ADDED from src/main/AndroidManifest.xml:36:13-51
	android:configChanges
		ADDED from src/main/AndroidManifest.xml:38:11-72
	android:theme
		ADDED from src/main/AndroidManifest.xml:35:13-44
	android:name
		ADDED from src/main/AndroidManifest.xml:34:17-69
activity#tw.edu.ntnu.nhipicturebook.F2Activity
ADDED from src/main/AndroidManifest.xml:41:7-45:15
	android:label
		ADDED from src/main/AndroidManifest.xml:43:13-51
	android:theme
		ADDED from src/main/AndroidManifest.xml:42:13-44
	android:name
		ADDED from src/main/AndroidManifest.xml:41:17-69
activity#tw.edu.ntnu.nhipicturebook.F3Activity
ADDED from src/main/AndroidManifest.xml:46:7-50:15
	android:screenOrientation
		ADDED from src/main/AndroidManifest.xml:49:13-49
	android:label
		ADDED from src/main/AndroidManifest.xml:48:13-51
	android:theme
		ADDED from src/main/AndroidManifest.xml:47:13-44
	android:name
		ADDED from src/main/AndroidManifest.xml:46:17-69
activity#tw.edu.ntnu.nhipicturebook.F4Activity
ADDED from src/main/AndroidManifest.xml:51:7-55:15
	android:screenOrientation
		ADDED from src/main/AndroidManifest.xml:54:13-49
	android:label
		ADDED from src/main/AndroidManifest.xml:53:13-51
	android:theme
		ADDED from src/main/AndroidManifest.xml:52:13-44
	android:name
		ADDED from src/main/AndroidManifest.xml:51:17-69
activity#tw.edu.ntnu.nhipicturebook.AboutActivity
ADDED from src/main/AndroidManifest.xml:57:9-61:15
	android:screenOrientation
		ADDED from src/main/AndroidManifest.xml:60:13-49
	android:label
		ADDED from src/main/AndroidManifest.xml:59:13-48
	android:theme
		ADDED from src/main/AndroidManifest.xml:58:13-44
	android:name
		ADDED from src/main/AndroidManifest.xml:57:19-48
activity#tw.edu.ntnu.nhipicturebook.F1ActivityRecordStory1
ADDED from src/main/AndroidManifest.xml:62:9-66:15
	android:screenOrientation
		ADDED from src/main/AndroidManifest.xml:65:13-49
	android:label
		ADDED from src/main/AndroidManifest.xml:64:13-43
	android:theme
		ADDED from src/main/AndroidManifest.xml:63:13-44
	android:name
		ADDED from src/main/AndroidManifest.xml:62:19-57
activity#tw.edu.ntnu.nhipicturebook.F1ActivityRecordStory2
ADDED from src/main/AndroidManifest.xml:67:9-71:15
	android:screenOrientation
		ADDED from src/main/AndroidManifest.xml:70:13-49
	android:label
		ADDED from src/main/AndroidManifest.xml:69:13-43
	android:theme
		ADDED from src/main/AndroidManifest.xml:68:13-44
	android:name
		ADDED from src/main/AndroidManifest.xml:67:19-57
activity#tw.edu.ntnu.nhipicturebook.F1ActivityRecordStory3
ADDED from src/main/AndroidManifest.xml:72:9-76:15
	android:screenOrientation
		ADDED from src/main/AndroidManifest.xml:75:13-49
	android:label
		ADDED from src/main/AndroidManifest.xml:74:13-43
	android:theme
		ADDED from src/main/AndroidManifest.xml:73:13-44
	android:name
		ADDED from src/main/AndroidManifest.xml:72:19-57
activity#tw.edu.ntnu.nhipicturebook.F2ActivityRecordStory1
ADDED from src/main/AndroidManifest.xml:77:9-81:15
	android:screenOrientation
		ADDED from src/main/AndroidManifest.xml:80:13-49
	android:label
		ADDED from src/main/AndroidManifest.xml:79:13-43
	android:theme
		ADDED from src/main/AndroidManifest.xml:78:13-44
	android:name
		ADDED from src/main/AndroidManifest.xml:77:19-57
activity#tw.edu.ntnu.nhipicturebook.F2ActivityRecordStory2
ADDED from src/main/AndroidManifest.xml:82:9-86:15
	android:screenOrientation
		ADDED from src/main/AndroidManifest.xml:85:13-49
	android:label
		ADDED from src/main/AndroidManifest.xml:84:13-43
	android:theme
		ADDED from src/main/AndroidManifest.xml:83:13-44
	android:name
		ADDED from src/main/AndroidManifest.xml:82:19-57
activity#tw.edu.ntnu.nhipicturebook.F2ActivityRecordStory3
ADDED from src/main/AndroidManifest.xml:87:9-91:15
	android:screenOrientation
		ADDED from src/main/AndroidManifest.xml:90:13-49
	android:label
		ADDED from src/main/AndroidManifest.xml:89:13-43
	android:theme
		ADDED from src/main/AndroidManifest.xml:88:13-44
	android:name
		ADDED from src/main/AndroidManifest.xml:87:19-57
activity#tw.edu.ntnu.nhipicturebook.F3ActivityRecordStory1
ADDED from src/main/AndroidManifest.xml:92:9-96:15
	android:screenOrientation
		ADDED from src/main/AndroidManifest.xml:95:13-49
	android:label
		ADDED from src/main/AndroidManifest.xml:94:13-43
	android:theme
		ADDED from src/main/AndroidManifest.xml:93:13-44
	android:name
		ADDED from src/main/AndroidManifest.xml:92:19-57
activity#tw.edu.ntnu.nhipicturebook.F3ActivityRecordStory2
ADDED from src/main/AndroidManifest.xml:97:9-101:15
	android:screenOrientation
		ADDED from src/main/AndroidManifest.xml:100:13-49
	android:label
		ADDED from src/main/AndroidManifest.xml:99:13-43
	android:theme
		ADDED from src/main/AndroidManifest.xml:98:13-44
	android:name
		ADDED from src/main/AndroidManifest.xml:97:19-57
activity#tw.edu.ntnu.nhipicturebook.F3ActivityRecordStory3
ADDED from src/main/AndroidManifest.xml:102:9-106:15
	android:screenOrientation
		ADDED from src/main/AndroidManifest.xml:105:13-49
	android:label
		ADDED from src/main/AndroidManifest.xml:104:13-43
	android:theme
		ADDED from src/main/AndroidManifest.xml:103:13-44
	android:name
		ADDED from src/main/AndroidManifest.xml:102:19-57
activity#tw.edu.ntnu.nhipicturebook.F4ActivityRecordStory1
ADDED from src/main/AndroidManifest.xml:107:9-111:15
	android:screenOrientation
		ADDED from src/main/AndroidManifest.xml:110:13-49
	android:label
		ADDED from src/main/AndroidManifest.xml:109:13-43
	android:theme
		ADDED from src/main/AndroidManifest.xml:108:13-44
	android:name
		ADDED from src/main/AndroidManifest.xml:107:19-57
activity#tw.edu.ntnu.nhipicturebook.F4ActivityRecordStory2
ADDED from src/main/AndroidManifest.xml:112:9-116:15
	android:screenOrientation
		ADDED from src/main/AndroidManifest.xml:115:13-49
	android:label
		ADDED from src/main/AndroidManifest.xml:114:13-43
	android:theme
		ADDED from src/main/AndroidManifest.xml:113:13-44
	android:name
		ADDED from src/main/AndroidManifest.xml:112:19-57
activity#tw.edu.ntnu.nhipicturebook.F4ActivityRecordStory3
ADDED from src/main/AndroidManifest.xml:117:9-121:15
	android:screenOrientation
		ADDED from src/main/AndroidManifest.xml:120:13-49
	android:label
		ADDED from src/main/AndroidManifest.xml:119:13-43
	android:theme
		ADDED from src/main/AndroidManifest.xml:118:13-44
	android:name
		ADDED from src/main/AndroidManifest.xml:117:19-57
activity#tw.edu.ntnu.nhipicturebook.ActivityRecordPopup
ADDED from src/main/AndroidManifest.xml:122:9-126:15
	android:screenOrientation
		ADDED from src/main/AndroidManifest.xml:125:13-49
	android:label
		ADDED from src/main/AndroidManifest.xml:124:13-35
	android:theme
		ADDED from src/main/AndroidManifest.xml:123:13-50
	android:name
		ADDED from src/main/AndroidManifest.xml:122:19-54
activity#tw.edu.ntnu.nhipicturebook.Story1Playback
ADDED from src/main/AndroidManifest.xml:127:9-129:15
	android:screenOrientation
		ADDED from src/main/AndroidManifest.xml:128:13-49
	android:name
		ADDED from src/main/AndroidManifest.xml:127:19-49
activity#tw.edu.ntnu.nhipicturebook.Story2Playback
ADDED from src/main/AndroidManifest.xml:130:9-132:15
	android:screenOrientation
		ADDED from src/main/AndroidManifest.xml:131:13-49
	android:name
		ADDED from src/main/AndroidManifest.xml:130:19-49
activity#tw.edu.ntnu.nhipicturebook.Story3Playback
ADDED from src/main/AndroidManifest.xml:133:9-135:15
	android:screenOrientation
		ADDED from src/main/AndroidManifest.xml:134:13-49
	android:name
		ADDED from src/main/AndroidManifest.xml:133:19-49